c:\users\scary_000\documents\visual studio 2013\projects\writr\textedit\debug\textedit.pch
c:\users\scary_000\documents\visual studio 2013\projects\writr\textedit\debug\vc120.pdb
c:\users\scary_000\documents\visual studio 2013\projects\writr\textedit\debug\vc120.idb
c:\users\scary_000\documents\visual studio 2013\projects\writr\textedit\debug\stdafx.obj
c:\users\scary_000\documents\visual studio 2013\projects\writr\textedit\debug\textbox.obj
c:\users\scary_000\documents\visual studio 2013\projects\writr\textedit\debug\textedit.obj
c:\users\scary_000\documents\visual studio 2013\projects\writr\debug\textedit.ilk
c:\users\scary_000\documents\visual studio 2013\projects\writr\debug\textedit.exe
c:\users\scary_000\documents\visual studio 2013\projects\writr\debug\textedit.pdb
c:\users\scary_000\documents\visual studio 2013\projects\writr\textedit\debug\textedit.res
c:\users\scary_000\documents\visual studio 2013\projects\writr\textedit\debug\mycursor.obj
c:\users\scary_000\documents\visual studio 2013\projects\writr\textedit\debug\string.obj
c:\users\scary_000\documents\visual studio 2013\projects\writr\textedit\debug\textedit.tlog\cl.command.1.tlog
c:\users\scary_000\documents\visual studio 2013\projects\writr\textedit\debug\textedit.tlog\cl.read.1.tlog
c:\users\scary_000\documents\visual studio 2013\projects\writr\textedit\debug\textedit.tlog\cl.write.1.tlog
c:\users\scary_000\documents\visual studio 2013\projects\writr\textedit\debug\textedit.tlog\link.command.1.tlog
c:\users\scary_000\documents\visual studio 2013\projects\writr\textedit\debug\textedit.tlog\link.read.1.tlog
c:\users\scary_000\documents\visual studio 2013\projects\writr\textedit\debug\textedit.tlog\link.write.1.tlog
c:\users\scary_000\documents\visual studio 2013\projects\writr\textedit\debug\textedit.tlog\rc.command.1.tlog
c:\users\scary_000\documents\visual studio 2013\projects\writr\textedit\debug\textedit.tlog\rc.read.1.tlog
c:\users\scary_000\documents\visual studio 2013\projects\writr\textedit\debug\textedit.tlog\rc.write.1.tlog
